ProtocolError: Runtime.callFunctionOn timed out. Increase the 'protocolTimeout' setting in launch/connect calls for a higher timeout if needed. --- https://www.google.com/maps/search/98092,Auburn,WA | openPuppeteer()
ProtocolError: Runtime.callFunctionOn timed out. Increase the 'protocolTimeout' setting in launch/connect calls for a higher timeout if needed. --- https://www.google.com/maps/search/98058,Renton,WA | openPuppeteer()
ProtocolError: Runtime.callFunctionOn timed out. Increase the 'protocolTimeout' setting in launch/connect calls for a higher timeout if needed. --- https://www.google.com/maps/search/99362,Walla Walla,WA | openPuppeteer()
ProtocolError: Runtime.callFunctionOn timed out. Increase the 'protocolTimeout' setting in launch/connect calls for a higher timeout if needed. --- https://www.google.com/maps/search/97478,Springfield,OR | openPuppeteer()
TimeoutError: Navigation timeout of 30000 ms exceeded --- https://www.google.com/maps/place/Happy+Hour+Design+Collective/data=!4m7!3m6!1s0x809ac3cc85c3bd03:0xe442513219e33574!8m2!3d38.5576815!4d-121.3236473!16s%2Fg%2F11pcq9j3ps!19sChIJA73DhczDmoARdDXjGTJRQuQ?authuser=0&hl=en&rclk=1 | getPlacesData()
ProtocolError: Runtime.callFunctionOn timed out. Increase the 'protocolTimeout' setting in launch/connect calls for a higher timeout if needed. --- https://www.google.com/maps/search/91731,El Monte,CA | openPuppeteer()
ProtocolError: Runtime.callFunctionOn timed out. Increase the 'protocolTimeout' setting in launch/connect calls for a higher timeout if needed. --- https://www.google.com/maps/search/92405,San Bernardino,CA | openPuppeteer()
Error: Navigation failed because browser has disconnected! --- https://www.google.com/maps/search/91792,West Covina,CA | openPuppeteer()
Error: ENOENT: no such file or directory, stat 'C:\Users\emili\AppData\Local\Temp\puppeteer_dev_profile-D8Hn9R' --- https://www.google.com/maps/search/92694,Ladera Ranch,CA | openPuppeteer()
ProtocolError: Runtime.callFunctionOn timed out. Increase the 'protocolTimeout' setting in launch/connect calls for a higher timeout if needed. --- https://www.google.com/maps/place/The+Inside+Studio/data=!4m7!3m6!1s0x6d57eb125f711299:0x6c08ea7bdb37346!8m2!3d37.878638!4d-122.4203375!16s%2Fg%2F11pvhrqbfs!19sChIJmRJxXxLrV20RRnOzvaeOwAY?authuser=0&hl=en&rclk=1 | getPlacesData()
TimeoutError: Navigation timeout of 30000 ms exceeded --- https://www.google.com/maps/place/FIB+Home+Staging+%26+Interior+Design/data=!4m7!3m6!1s0x809013af7b806339:0xbf60e8c34f045145!8m2!3d37.8146904!4d-121.4144565!16s%2Fg%2F11dxjw_hct!19sChIJOWOAe68TkIARRVEET8PoYL8?authuser=0&hl=en&rclk=1 | getPlacesData()
TimeoutError: Navigation timeout of 30000 ms exceeded --- https://www.google.com/maps/place/Julia+Bombardier+Certified+Interior+Designer/data=!4m7!3m6!1s0x80843f28b8608663:0xbd831754a441eb28!8m2!3d38.5084578!4d-122.7585228!16s%2Fg%2F11cmb_jdff!19sChIJY4ZguCg_hIARKOtBpFQXg70?authuser=0&hl=en&rclk=1 | getPlacesData()
ProtocolError: Runtime.callFunctionOn timed out. Increase the 'protocolTimeout' setting in launch/connect calls for a higher timeout if needed. --- https://www.google.com/maps/search/93280,Wasco,CA | openPuppeteer()
TimeoutError: Navigation timeout of 30000 ms exceeded --- https://www.google.com/maps/search/90710,Harbor City,CA | openPuppeteer()
ProtocolError: Runtime.callFunctionOn timed out. Increase the 'protocolTimeout' setting in launch/connect calls for a higher timeout if needed. --- https://www.google.com/maps/search/90746,Carson,CA | openPuppeteer()
ProtocolError: Runtime.callFunctionOn timed out. Increase the 'protocolTimeout' setting in launch/connect calls for a higher timeout if needed. --- https://www.google.com/maps/search/92860,Norco,CA | openPuppeteer()
TimeoutError: Navigation timeout of 30000 ms exceeded --- https://www.google.com/maps/place/Nareh+Sargsyan+Design+Studio/data=!4m7!3m6!1s0x89899fc60e6e0b39:0x2bcbc4c137880e7e!8m2!3d35.8374174!4d-119.9119599!16s%2Fg%2F11q8xdybfx!19sChIJOQtuDsafiYkRfg6IN8HEyys?authuser=0&hl=en&rclk=1 | getPlacesData()
ProtocolError: Runtime.callFunctionOn timed out. Increase the 'protocolTimeout' setting in launch/connect calls for a higher timeout if needed. --- https://www.google.com/maps/search/91724,Covina,CA | openPuppeteer()
ProtocolError: Runtime.callFunctionOn timed out. Increase the 'protocolTimeout' setting in launch/connect calls for a higher timeout if needed. --- https://www.google.com/maps/search/90249,Gardena,CA | openPuppeteer()
ProtocolError: Runtime.callFunctionOn timed out. Increase the 'protocolTimeout' setting in launch/connect calls for a higher timeout if needed. --- https://www.google.com/maps/search/98372,Puyallup,WA | openPuppeteer()
TimeoutError: Navigation timeout of 30000 ms exceeded --- https://www.google.com/maps/place/Visionary+Design+Services/data=!4m7!3m6!1s0x80dc99a4caee58a9:0x12e8b2a83b95fa7e!8m2!3d34.169034!4d-116.1395084!16s%2Fg%2F11fxz7cwqh!19sChIJqVjuyqSZ3IARfvqVO6iy6BI?authuser=0&hl=en&rclk=1 | getPlacesData()
ProtocolError: Runtime.callFunctionOn timed out. Increase the 'protocolTimeout' setting in launch/connect calls for a higher timeout if needed. --- https://www.google.com/maps/search/94803,El Sobrante,CA | openPuppeteer()
ProtocolError: Runtime.callFunctionOn timed out. Increase the 'protocolTimeout' setting in launch/connect calls for a higher timeout if needed. --- https://www.google.com/maps/search/92411,San Bernardino,CA | openPuppeteer()
ProtocolError: Runtime.callFunctionOn timed out. Increase the 'protocolTimeout' setting in launch/connect calls for a higher timeout if needed. --- https://www.google.com/maps/search/95003,Aptos,CA | openPuppeteer()
ProtocolError: Runtime.callFunctionOn timed out. Increase the 'protocolTimeout' setting in launch/connect calls for a higher timeout if needed. --- https://www.google.com/maps/search/95367,Riverbank,CA | openPuppeteer()
ProtocolError: Runtime.callFunctionOn timed out. Increase the 'protocolTimeout' setting in launch/connect calls for a higher timeout if needed. --- https://www.google.com/maps/search/93212,Corcoran,CA | openPuppeteer()
ProtocolError: Runtime.callFunctionOn timed out. Increase the 'protocolTimeout' setting in launch/connect calls for a higher timeout if needed. --- https://www.google.com/maps/search/94030,Millbrae,CA | openPuppeteer()
ProtocolError: Runtime.callFunctionOn timed out. Increase the 'protocolTimeout' setting in launch/connect calls for a higher timeout if needed. --- https://www.google.com/maps/search/97060,Troutdale,OR | openPuppeteer()
ProtocolError: Runtime.callFunctionOn timed out. Increase the 'protocolTimeout' setting in launch/connect calls for a higher timeout if needed. --- https://www.google.com/maps/search/92354,Loma Linda,CA | openPuppeteer()
ProtocolError: Runtime.callFunctionOn timed out. Increase the 'protocolTimeout' setting in launch/connect calls for a higher timeout if needed. --- https://www.google.com/maps/search/95620,Dixon,CA | openPuppeteer()
ProtocolError: Runtime.callFunctionOn timed out. Increase the 'protocolTimeout' setting in launch/connect calls for a higher timeout if needed. --- https://www.google.com/maps/search/92585,Menifee,CA | openPuppeteer()
TimeoutError: Navigation timeout of 30000 ms exceeded --- https://www.google.com/maps/place/Liz+Robertson+Design/data=!4m7!3m6!1s0x8428439c8bf0872b:0xc9407ddc52a5f5e8!8m2!3d34.045642!4d-118.523367!16s%2Fg%2F11scszm978!19sChIJK4fwi5xDKIQR6PWlUtx9QMk?authuser=0&hl=en&rclk=1 | getPlacesData()
ProtocolError: Runtime.callFunctionOn timed out. Increase the 'protocolTimeout' setting in launch/connect calls for a higher timeout if needed. --- https://www.google.com/maps/search/90717,Lomita,CA | openPuppeteer()
ProtocolError: Runtime.callFunctionOn timed out. Increase the 'protocolTimeout' setting in launch/connect calls for a higher timeout if needed. --- https://www.google.com/maps/search/94019,Half Moon Bay,CA | openPuppeteer()
TimeoutError: Navigation timeout of 30000 ms exceeded --- https://www.google.com/maps/place/Pacific+Interior+Electric/data=!4m7!3m6!1s0x80dcd1d3f5156087:0x2b047ccc9e90fe5f!8m2!3d33.866435!4d-117.743315!16s%2Fg%2F1w2yzrln!19sChIJh2AV9dPR3IARX_6Qnsx8BCs?authuser=0&hl=en&rclk=1 | getPlacesData()
TimeoutError: Navigation timeout of 30000 ms exceeded --- https://www.google.com/maps/place/Designing+Women+Unlimited/data=!4m7!3m6!1s0x80daf711d59cb177:0xbf11e7c6e4a7394f!8m2!3d32.867026!4d-113.828525!16s%2Fg%2F1tfly58q!19sChIJd7Gc1RH32oARTzmn5MbnEb8?authuser=0&hl=en&rclk=1 | getPlacesData()
ProtocolError: Runtime.callFunctionOn timed out. Increase the 'protocolTimeout' setting in launch/connect calls for a higher timeout if needed. --- https://www.google.com/maps/search/94564,Pinole,CA | openPuppeteer()
TimeoutError: Navigation timeout of 30000 ms exceeded --- https://www.google.com/maps/place/Dandelion+%26+Lilith/data=!4m7!3m6!1s0x8aedd98da241b7c3:0xe457b3c8d53de976!8m2!3d39.3517594!4d-120.1894355!16s%2Fg%2F11rwrlxbpl!19sChIJw7dBoo3Z7YoRduk91cizV-Q?authuser=0&hl=en&rclk=1 | getPlacesData()
ProtocolError: Runtime.callFunctionOn timed out. Increase the 'protocolTimeout' setting in launch/connect calls for a higher timeout if needed. --- https://www.google.com/maps/search/95959,Nevada City,CA | openPuppeteer()
ProtocolError: Runtime.callFunctionOn timed out. Increase the 'protocolTimeout' setting in launch/connect calls for a higher timeout if needed. --- https://www.google.com/maps/search/92371,Phelan,CA | openPuppeteer()
TimeoutError: Waiting for selector `[role="feed"]` failed: Waiting failed: 30000ms exceeded --- https://www.google.com/maps/search/93247,Lindsay,CA | openPuppeteer()
ProtocolError: Runtime.callFunctionOn timed out. Increase the 'protocolTimeout' setting in launch/connect calls for a higher timeout if needed. --- https://www.google.com/maps/search/93015,Fillmore,CA | openPuppeteer()
ProtocolError: Runtime.callFunctionOn timed out. Increase the 'protocolTimeout' setting in launch/connect calls for a higher timeout if needed. --- https://www.google.com/maps/search/95366,Ripon,CA | openPuppeteer()
ProtocolError: Runtime.callFunctionOn timed out. Increase the 'protocolTimeout' setting in launch/connect calls for a higher timeout if needed. --- https://www.google.com/maps/search/91914,Chula Vista,CA | openPuppeteer()
ProtocolError: Runtime.callFunctionOn timed out. Increase the 'protocolTimeout' setting in launch/connect calls for a higher timeout if needed. --- https://www.google.com/maps/search/92587,Menifee,CA | openPuppeteer()
ProtocolError: Runtime.callFunctionOn timed out. Increase the 'protocolTimeout' setting in launch/connect calls for a higher timeout if needed. --- https://www.google.com/maps/search/94301,Palo Alto,CA | openPuppeteer()
ProtocolError: Runtime.callFunctionOn timed out. Increase the 'protocolTimeout' setting in launch/connect calls for a higher timeout if needed. --- https://www.google.com/maps/search/93241,Lamont,CA | openPuppeteer()
ProtocolError: Runtime.callFunctionOn timed out. Increase the 'protocolTimeout' setting in launch/connect calls for a higher timeout if needed. --- https://www.google.com/maps/search/94305,Stanford,CA | openPuppeteer()
TimeoutError: Waiting for selector `[role="feed"]` failed: Waiting failed: 30000ms exceeded --- https://www.google.com/maps/search/96022,Cottonwood,CA | openPuppeteer()
TimeoutError: Waiting for selector `[role="feed"]` failed: Waiting failed: 30000ms exceeded --- https://www.google.com/maps/search/96021,Corning,CA | openPuppeteer()
TimeoutError: Navigation timeout of 30000 ms exceeded --- https://www.google.com/maps/search/91436,Encino,CA | openPuppeteer()
ProtocolError: Runtime.callFunctionOn timed out. Increase the 'protocolTimeout' setting in launch/connect calls for a higher timeout if needed. --- https://www.google.com/maps/search/94542,Hayward,CA | openPuppeteer()
ProtocolError: Runtime.callFunctionOn timed out. Increase the 'protocolTimeout' setting in launch/connect calls for a higher timeout if needed. --- https://www.google.com/maps/search/94805,Richmond,CA | openPuppeteer()
Error: ENOENT: no such file or directory, stat 'C:\Users\emili\AppData\Local\Temp\puppeteer_dev_profile-hrQ9Ag' --- https://www.google.com/maps/search/95030,Los Gatos,CA | openPuppeteer()
TimeoutError: Navigation timeout of 30000 ms exceeded --- https://www.google.com/maps/place/Westward+Home/data=!4m7!3m6!1s0x80859b845afb98ef:0x7ba0dcc929121533!8m2!3d37.9332773!4d-122.5356958!16s%2Fg%2F11fks135t5!19sChIJ75j7WoSbhYARMxUSKcncoHs?authuser=0&hl=en&rclk=1 | getPlacesData()
Error: ENOENT: no such file or directory, stat 'C:\Users\emili\AppData\Local\Temp\puppeteer_dev_profile-E04Opm' --- https://www.google.com/maps/search/98674,Woodland,WA | openPuppeteer()
ProtocolError: Runtime.callFunctionOn timed out. Increase the 'protocolTimeout' setting in launch/connect calls for a higher timeout if needed. --- https://www.google.com/maps/search/95320,Escalon,CA | openPuppeteer()
TimeoutError: Waiting for selector `[role="feed"]` failed: Waiting failed: 30000ms exceeded --- https://www.google.com/maps/search/97741,Madras,OR | openPuppeteer()
ProtocolError: Runtime.callFunctionOn timed out. Increase the 'protocolTimeout' setting in launch/connect calls for a higher timeout if needed. --- https://www.google.com/maps/search/94065,Redwood City,CA | openPuppeteer()
ProtocolError: Runtime.callFunctionOn timed out. Increase the 'protocolTimeout' setting in launch/connect calls for a higher timeout if needed. --- https://www.google.com/maps/search/90248,Gardena,CA | openPuppeteer()
ProtocolError: Runtime.callFunctionOn timed out. Increase the 'protocolTimeout' setting in launch/connect calls for a higher timeout if needed. --- https://www.google.com/maps/search/93647,Orosi,CA | openPuppeteer()
ProtocolError: Runtime.callFunctionOn timed out. Increase the 'protocolTimeout' setting in launch/connect calls for a higher timeout if needed. --- https://www.google.com/maps/search/93223,Farmersville,CA | openPuppeteer()
ProtocolError: Runtime.callFunctionOn timed out. Increase the 'protocolTimeout' setting in launch/connect calls for a higher timeout if needed. --- https://www.google.com/maps/search/92567,Nuevo,CA | openPuppeteer()
ProtocolError: Runtime.callFunctionOn timed out. Increase the 'protocolTimeout' setting in launch/connect calls for a higher timeout if needed. --- https://www.google.com/maps/search/95386,Waterford,CA | openPuppeteer()
ProtocolError: Runtime.callFunctionOn timed out. Increase the 'protocolTimeout' setting in launch/connect calls for a higher timeout if needed. --- https://www.google.com/maps/search/95064,Santa Cruz,CA | openPuppeteer()
ProtocolError: Runtime.callFunctionOn timed out. Increase the 'protocolTimeout' setting in launch/connect calls for a higher timeout if needed. --- https://www.google.com/maps/search/95322,Gustine,CA | openPuppeteer()
ProtocolError: Runtime.callFunctionOn timed out. Increase the 'protocolTimeout' setting in launch/connect calls for a higher timeout if needed. --- https://www.google.com/maps/search/93219,Earlimart,CA | openPuppeteer()
ProtocolError: Runtime.callFunctionOn timed out. Increase the 'protocolTimeout' setting in launch/connect calls for a higher timeout if needed. --- https://www.google.com/maps/search/95326,Hughson,CA | openPuppeteer()
ProtocolError: Runtime.callFunctionOn timed out. Increase the 'protocolTimeout' setting in launch/connect calls for a higher timeout if needed. --- https://www.google.com/maps/search/93286,Woodlake,CA | openPuppeteer()
TimeoutError: Waiting for selector `[role="feed"]` failed: Waiting failed: 30000ms exceeded --- https://www.google.com/maps/search/98841,Omak,WA | openPuppeteer()
ProtocolError: Runtime.callFunctionOn timed out. Increase the 'protocolTimeout' setting in launch/connect calls for a higher timeout if needed. --- https://www.google.com/maps/search/97487,Veneta,OR | openPuppeteer()
TimeoutError: Waiting for selector `#searchboxinput` failed: Waiting failed: 30000ms exceeded --- https://www.google.com/maps/search/95324,Hilmar,CA | openPuppeteer()
ProtocolError: Runtime.callFunctionOn timed out. Increase the 'protocolTimeout' setting in launch/connect calls for a higher timeout if needed. --- https://www.google.com/maps/search/92325,Crestline,CA | openPuppeteer()
TimeoutError: Waiting for selector `[role="feed"]` failed: Waiting failed: 30000ms exceeded --- https://www.google.com/maps/search/98563,Montesano,WA | openPuppeteer()
ProtocolError: Runtime.callFunctionOn timed out. Increase the 'protocolTimeout' setting in launch/connect calls for a higher timeout if needed. --- https://www.google.com/maps/search/92548,Homeland,CA | openPuppeteer()
TimeoutError: Waiting for selector `[role="feed"]` failed: Waiting failed: 30000ms exceeded --- https://www.google.com/maps/search/93234,Huron,CA | openPuppeteer()
ProtocolError: Runtime.callFunctionOn timed out. Increase the 'protocolTimeout' setting in launch/connect calls for a higher timeout if needed. --- https://www.google.com/maps/search/95316,Denair,CA | openPuppeteer()
ProtocolError: Runtime.callFunctionOn timed out. Increase the 'protocolTimeout' setting in launch/connect calls for a higher timeout if needed. --- https://www.google.com/maps/search/93267,Strathmore,CA | openPuppeteer()
TimeoutError: Navigation timeout of 30000 ms exceeded --- https://www.google.com/maps/place/Creative+Office+Interiors/data=!4m7!3m6!1s0x80dafe0b08527421:0xf1df351e0863f9dc!8m2!3d33.7209888!4d-116.3983595!16s%2Fg%2F1w0j4g_z!19sChIJIXRSCAv-2oAR3PljCB413_E?authuser=0&hl=en&rclk=1 | getPlacesData()
ProtocolError: Runtime.callFunctionOn timed out. Increase the 'protocolTimeout' setting in launch/connect calls for a higher timeout if needed. --- https://www.google.com/maps/search/93924,Carmel Valley,CA | openPuppeteer()
TimeoutError: Waiting for selector `[role="feed"]` failed: Waiting failed: 30000ms exceeded --- https://www.google.com/maps/search/93240,Lake Isabella,CA | openPuppeteer()
TimeoutError: Waiting for selector `[role="feed"]` failed: Waiting failed: 30000ms exceeded --- https://www.google.com/maps/search/98569,Ocean Shores,WA | openPuppeteer()
ProtocolError: Runtime.callFunctionOn timed out. Increase the 'protocolTimeout' setting in launch/connect calls for a higher timeout if needed. --- https://www.google.com/maps/search/97016,Clatskanie,OR | openPuppeteer()
ProtocolError: Runtime.callFunctionOn timed out. Increase the 'protocolTimeout' setting in launch/connect calls for a higher timeout if needed. --- https://www.google.com/maps/search/97446,Harrisburg,OR | openPuppeteer()
ProtocolError: Runtime.callFunctionOn timed out. Increase the 'protocolTimeout' setting in launch/connect calls for a higher timeout if needed. --- https://www.google.com/maps/search/92372,Pinon Hills,CA | openPuppeteer()
TimeoutError: Waiting for selector `[role="feed"]` failed: Waiting failed: 30000ms exceeded --- https://www.google.com/maps/search/95912,Arbuckle,CA | openPuppeteer()
TimeoutError: Waiting for selector `[role="feed"]` failed: Waiting failed: 30000ms exceeded --- https://www.google.com/maps/search/96101,Alturas,CA | openPuppeteer()
TimeoutError: Navigation timeout of 30000 ms exceeded --- https://www.google.com/maps/place/Aspen+Street+Architects:+Morgan+Nathan/data=!4m7!3m6!1s0x80909584a502c045:0xd77915006c72a650!8m2!3d38.0677264!4d-120.5385126!16s%2Fg%2F113hhszrg!19sChIJRcACpYSVkIARUKZybAAVedc?authuser=0&hl=en&rclk=1 | getPlacesData()
TimeoutError: Navigation timeout of 30000 ms exceeded --- https://www.google.com/maps/place/Sunrise+Custom+Construction+co/data=!4m7!3m6!1s0x2883f6a7443bd1e9:0x29004f4760d98aa5!8m2!3d43.6987054!4d-123.029222!16s%2Fg%2F11tj6njs2j!19sChIJ6dE7RKf2gygRpYrZYEdPACk?authuser=0&hl=en&rclk=1 | getPlacesData()
TimeoutError: Waiting for selector `[role="feed"]` failed: Waiting failed: 30000ms exceeded --- https://www.google.com/maps/search/98840,Okanogan,WA | openPuppeteer()
TimeoutError: Waiting for selector `[role="feed"]` failed: Waiting failed: 30000ms exceeded --- https://www.google.com/maps/search/93225,Frazier Park,CA | openPuppeteer()
ProtocolError: Runtime.callFunctionOn timed out. Increase the 'protocolTimeout' setting in launch/connect calls for a higher timeout if needed. --- https://www.google.com/maps/search/93272,Tipton,CA | openPuppeteer()
ProtocolError: Runtime.callFunctionOn timed out. Increase the 'protocolTimeout' setting in launch/connect calls for a higher timeout if needed. --- https://www.google.com/maps/search/94951,Penngrove,CA | openPuppeteer()
TimeoutError: Navigation timeout of 30000 ms exceeded --- https://www.google.com/maps/place/Pro+Design+Solutions+LLC/data=!4m7!3m6!1s0x54950cd1c3f3cce3:0xc0cde084f2fecc0f!8m2!3d45.4269841!4d-122.7484222!16s%2Fg%2F126235r7f!19sChIJ48zzw9EMlVQRD8z-8oTgzcA?authuser=0&hl=en&rclk=1 | getPlacesData()
ProtocolError: Runtime.callFunctionOn timed out. Increase the 'protocolTimeout' setting in launch/connect calls for a higher timeout if needed. --- https://www.google.com/maps/search/95328,Keyes,CA | openPuppeteer()
ProtocolError: Runtime.callFunctionOn timed out. Increase the 'protocolTimeout' setting in launch/connect calls for a higher timeout if needed. --- https://www.google.com/maps/search/95614,Cool,CA | openPuppeteer()
ProtocolError: Runtime.callFunctionOn timed out. Increase the 'protocolTimeout' setting in launch/connect calls for a higher timeout if needed. --- https://www.google.com/maps/search/95004,Aromas,CA | openPuppeteer()
ProtocolError: Runtime.callFunctionOn timed out. Increase the 'protocolTimeout' setting in launch/connect calls for a higher timeout if needed. --- https://www.google.com/maps/search/93235,Ivanhoe,CA | openPuppeteer()
ProtocolError: Runtime.callFunctionOn timed out. Increase the 'protocolTimeout' setting in launch/connect calls for a higher timeout if needed. --- https://www.google.com/maps/search/97462,Oakland,OR | openPuppeteer()
Error: ENOENT: no such file or directory, stat 'C:\Users\emili\AppData\Local\Temp\puppeteer_dev_profile-RbLStJ' --- https://www.google.com/maps/search/98857,Warden,WA | openPuppeteer()
TimeoutError: Waiting for selector `[role="feed"]` failed: Waiting failed: 30000ms exceeded --- https://www.google.com/maps/search/96093,Weaverville,CA | openPuppeteer()
ProtocolError: Runtime.callFunctionOn timed out. Increase the 'protocolTimeout' setting in launch/connect calls for a higher timeout if needed. --- https://www.google.com/maps/search/95634,Georgetown,CA | openPuppeteer()
ProtocolError: Runtime.callFunctionOn timed out. Increase the 'protocolTimeout' setting in launch/connect calls for a higher timeout if needed. --- https://www.google.com/maps/search/94038,Moss Beach,CA | openPuppeteer()
TimeoutError: Navigation timeout of 30000 ms exceeded --- https://www.google.com/maps/place/Ballard+Construction+LLC/data=!4m7!3m6!1s0x54c0ff9fbda4293b:0x6a7271972e8ab5b2!8m2!3d44.3913658!4d-123.2855701!16s%2Fg%2F11hfwgd8w3!19sChIJOymkvZ__wFQRsrWKLpdxcmo?authuser=0&hl=en&rclk=1 | getPlacesData()
TimeoutError: Waiting for selector `[role="feed"]` failed: Waiting failed: 30000ms exceeded --- https://www.google.com/maps/search/98557,Mccleary,WA | openPuppeteer()
TimeoutError: Waiting for selector `[role="feed"]` failed: Waiting failed: 30000ms exceeded --- https://www.google.com/maps/search/98039,Medina,WA | openPuppeteer()
ProtocolError: Runtime.callFunctionOn timed out. Increase the 'protocolTimeout' setting in launch/connect calls for a higher timeout if needed. --- https://www.google.com/maps/search/93066,Somis,CA | openPuppeteer()
ProtocolError: Runtime.callFunctionOn timed out. Increase the 'protocolTimeout' setting in launch/connect calls for a higher timeout if needed. --- https://www.google.com/maps/search/97455,Pleasant Hill,OR | openPuppeteer()
ProtocolError: Runtime.callFunctionOn timed out. Increase the 'protocolTimeout' setting in launch/connect calls for a higher timeout if needed. --- https://www.google.com/maps/search/97385,Sublimity,OR | openPuppeteer()
ProtocolError: Runtime.callFunctionOn timed out. Increase the 'protocolTimeout' setting in launch/connect calls for a higher timeout if needed. --- https://www.google.com/maps/search/92536,Aguanga,CA | openPuppeteer()
ProtocolError: Runtime.callFunctionOn timed out. Increase the 'protocolTimeout' setting in launch/connect calls for a higher timeout if needed. --- https://www.google.com/maps/search/97437,Elmira,OR | openPuppeteer()
TimeoutError: Waiting for selector `[role="feed"]` failed: Waiting failed: 30000ms exceeded --- https://www.google.com/maps/search/95536,Ferndale,CA | openPuppeteer()
ProtocolError: Runtime.callFunctionOn timed out. Increase the 'protocolTimeout' setting in launch/connect calls for a higher timeout if needed. --- https://www.google.com/maps/search/95951,Hamilton City,CA | openPuppeteer()
ProtocolError: Runtime.callFunctionOn timed out. Increase the 'protocolTimeout' setting in launch/connect calls for a higher timeout if needed. --- https://www.google.com/maps/search/93532,Lake Hughes,CA | openPuppeteer()
TimeoutError: Waiting for selector `[role="feed"]` failed: Waiting failed: 30000ms exceeded --- https://www.google.com/maps/search/92275,Salton City,CA | openPuppeteer()
TimeoutError: Navigation timeout of 30000 ms exceeded --- https://www.google.com/maps/place/Pamper+Haus+Staging+%26+Design+Management/data=!4m7!3m6!1s0x808f7847c1000001:0x3ac724684f565d69!8m2!3d37.6586993!4d-122.4001555!16s%2Fg%2F11gh2p_t9s!19sChIJAQAAwUd4j4ARaV1WT2gkxzo?authuser=0&hl=en&rclk=1 | getPlacesData()
TimeoutError: Navigation timeout of 30000 ms exceeded --- https://www.google.com/maps/place/OHI+HOME,+LLC+DBA+Ojai+Home+Staging+and+Styling/data=!4m7!3m6!1s0x80e9a504e88b49e3:0xb7b341cb5232ef8d!8m2!3d37.2691675!4d-119.306607!16s%2Fg%2F1v1tnd4d!19sChIJ40mL6ASl6YARje8yUstBs7c?authuser=0&hl=en&rclk=1 | getPlacesData()
TimeoutError: Navigation timeout of 30000 ms exceeded --- https://www.google.com/maps/place/AAA+Coatings+LLC+-+Interior+%26+Exterior+House+Painting+%26+Home+Painting+Service+in+Wenatchee+WA/data=!4m7!3m6!1s0x549bccc1b84eaaab:0x55ad37e392afc9b!8m2!3d47.4282!4d-120.330762!16s%2Fg%2F11h7v7j5rc!19sChIJq6pOuMHMm1QRm_wqOX7TWgU?authuser=0&hl=en&rclk=1 | getPlacesData()
ProtocolError: Runtime.callFunctionOn timed out. Increase the 'protocolTimeout' setting in launch/connect calls for a higher timeout if needed. --- https://www.google.com/maps/search/98847,Peshastin,WA | openPuppeteer()
ProtocolError: Runtime.callFunctionOn timed out. Increase the 'protocolTimeout' setting in launch/connect calls for a higher timeout if needed. --- https://www.google.com/maps/search/93261,Richgrove,CA | openPuppeteer()
ProtocolError: Runtime.callFunctionOn timed out. Increase the 'protocolTimeout' setting in launch/connect calls for a higher timeout if needed. --- https://www.google.com/maps/search/93667,Tollhouse,CA | openPuppeteer()
ProtocolError: Runtime.callFunctionOn timed out. Increase the 'protocolTimeout' setting in launch/connect calls for a higher timeout if needed. --- https://www.google.com/maps/search/92004,Borrego Springs,CA | openPuppeteer()
TimeoutError: Waiting for selector `[role="feed"]` failed: Waiting failed: 30000ms exceeded --- https://www.google.com/maps/search/93283,Weldon,CA | openPuppeteer()
ProtocolError: Runtime.callFunctionOn timed out. Increase the 'protocolTimeout' setting in launch/connect calls for a higher timeout if needed. --- https://www.google.com/maps/search/92401,San Bernardino,CA | openPuppeteer()
TimeoutError: Navigation timeout of 30000 ms exceeded --- https://www.google.com/maps/place/All+Buttoned+Up/data=!4m7!3m6!1s0x808e335946ef7259:0x7108624f2e356539!8m2!3d37.3624241!4d-121.9709596!16s%2Fg%2F11h03ff5zd!19sChIJWXLvRlkzjoAROWU1Lk9iCHE?authuser=0&hl=en&rclk=1 | getPlacesData()
TimeoutError: Navigation timeout of 30000 ms exceeded --- https://www.google.com/maps/search/96134,Tulelake,CA | openPuppeteer()
ProtocolError: Runtime.callFunctionOn timed out. Increase the 'protocolTimeout' setting in launch/connect calls for a higher timeout if needed. --- https://www.google.com/maps/search/98376,Quilcene,WA | openPuppeteer()
TimeoutError: Navigation timeout of 30000 ms exceeded --- https://www.google.com/maps/place/Carlos+Delgado+Architect+LLC/data=!4m7!3m6!1s0x478b3ea2b8988a7:0x2114c4fcc8503687!8m2!3d42.8406464!4d-122.031454!16s%2Fg%2F11spc7h_ph!19sChIJp4iJK-qzeAQRhzZQyPzEFCE?authuser=0&hl=en&rclk=1 | getPlacesData()
TimeoutError: Waiting for selector `[role="feed"]` failed: Waiting failed: 30000ms exceeded --- https://www.google.com/maps/search/98356,Morton,WA | openPuppeteer()
ProtocolError: Runtime.callFunctionOn timed out. Increase the 'protocolTimeout' setting in launch/connect calls for a higher timeout if needed. --- https://www.google.com/maps/search/92391,Twin Peaks,CA | openPuppeteer()
TimeoutError: Waiting for selector `[role="feed"]` failed: Waiting failed: 30000ms exceeded --- https://www.google.com/maps/search/97836,Heppner,OR | openPuppeteer()
TimeoutError: Navigation timeout of 30000 ms exceeded --- https://www.google.com/maps/place/Studio+Creiamo/data=!4m7!3m6!1s0x809053b3a364e115:0x5c39360aa4e8d2d2!8m2!3d37.6557189!4d-120.9941296!16s%2Fg%2F11h_wrx0_s!19sChIJFeFko7NTkIAR0tLopAo2OVw?authuser=0&hl=en&rclk=1 | getPlacesData()
ProtocolError: Runtime.callFunctionOn timed out. Increase the 'protocolTimeout' setting in launch/connect calls for a higher timeout if needed. --- https://www.google.com/maps/search/97499,Yoncalla,OR | openPuppeteer()
TimeoutError: Waiting for selector `[role="feed"]` failed: Waiting failed: 30000ms exceeded --- https://www.google.com/maps/search/97824,Cove,OR | openPuppeteer()
TimeoutError: Waiting for selector `[role="feed"]` failed: Waiting failed: 30000ms exceeded --- https://www.google.com/maps/search/97738,Hines,OR | openPuppeteer()
TimeoutError: Navigation timeout of 30000 ms exceeded --- https://www.google.com/maps/search/95319,Empire,CA | openPuppeteer()
ProtocolError: Runtime.callFunctionOn timed out. Increase the 'protocolTimeout' setting in launch/connect calls for a higher timeout if needed. --- https://www.google.com/maps/search/93206,Buttonwillow,CA | openPuppeteer()
ProtocolError: Runtime.callFunctionOn timed out. Increase the 'protocolTimeout' setting in launch/connect calls for a higher timeout if needed. --- https://www.google.com/maps/search/94020,La Honda,CA | openPuppeteer()
ProtocolError: Runtime.callFunctionOn timed out. Increase the 'protocolTimeout' setting in launch/connect calls for a higher timeout if needed. --- https://www.google.com/maps/search/95664,Pilot Hill,CA | openPuppeteer()
ProtocolError: Runtime.callFunctionOn timed out. Increase the 'protocolTimeout' setting in launch/connect calls for a higher timeout if needed. --- https://www.google.com/maps/search/99360,Touchet,WA | openPuppeteer()
ProtocolError: Runtime.callFunctionOn timed out. Increase the 'protocolTimeout' setting in launch/connect calls for a higher timeout if needed. --- https://www.google.com/maps/search/93201,Alpaugh,CA | openPuppeteer()
TimeoutError: Waiting for selector `[role="feed"]` failed: Waiting failed: 30000ms exceeded --- https://www.google.com/maps/search/93527,Inyokern,CA | openPuppeteer()
TimeoutError: Waiting for selector `[role="feed"]` failed: Waiting failed: 30000ms exceeded --- https://www.google.com/maps/search/98325,Chimacum,WA | openPuppeteer()
ProtocolError: Runtime.callFunctionOn timed out. Increase the 'protocolTimeout' setting in launch/connect calls for a higher timeout if needed. --- https://www.google.com/maps/search/97454,Marcola,OR | openPuppeteer()
ProtocolError: Runtime.callFunctionOn timed out. Increase the 'protocolTimeout' setting in launch/connect calls for a higher timeout if needed. --- https://www.google.com/maps/search/92059,Pala,CA | openPuppeteer()
ProtocolError: Runtime.callFunctionOn timed out. Increase the 'protocolTimeout' setting in launch/connect calls for a higher timeout if needed. --- https://www.google.com/maps/search/95426,Cobb,CA | openPuppeteer()
TimeoutError: Waiting for selector `[role="feed"]` failed: Waiting failed: 30000ms exceeded --- https://www.google.com/maps/search/93266,Stratford,CA | openPuppeteer()
TimeoutError: Waiting for selector `[role="feed"]` failed: Waiting failed: 30000ms exceeded --- https://www.google.com/maps/search/98849,Riverside,WA | openPuppeteer()
ProtocolError: Runtime.callFunctionOn timed out. Increase the 'protocolTimeout' setting in launch/connect calls for a higher timeout if needed. --- https://www.google.com/maps/search/95313,Crows Landing,CA | openPuppeteer()
ProtocolError: Runtime.callFunctionOn timed out. Increase the 'protocolTimeout' setting in launch/connect calls for a higher timeout if needed. --- https://www.google.com/maps/search/95323,Hickman,CA | openPuppeteer()
ProtocolError: Runtime.callFunctionOn timed out. Increase the 'protocolTimeout' setting in launch/connect calls for a higher timeout if needed. --- https://www.google.com/maps/search/95686,Thornton,CA | openPuppeteer()
TimeoutError: Waiting for selector `[role="feed"]` failed: Waiting failed: 30000ms exceeded --- https://www.google.com/maps/search/99185,Wilbur,WA | openPuppeteer()
TimeoutError: Waiting for selector `[role="feed"]` failed: Waiting failed: 30000ms exceeded --- https://www.google.com/maps/search/96023,Dorris,CA | openPuppeteer()
ProtocolError: Runtime.callFunctionOn timed out. Increase the 'protocolTimeout' setting in launch/connect calls for a higher timeout if needed. --- https://www.google.com/maps/search/95635,Greenwood,CA | openPuppeteer()
TimeoutError: Navigation timeout of 30000 ms exceeded --- https://www.google.com/maps/place/Riverview+Renovations+llc/data=!4m7!3m6!1s0x54bdf111752bdcaf:0xac029b054a5f3cff!8m2!3d45.4540257!4d-121.1229306!16s%2Fg%2F11tspll35m!19sChIJr9wrdRHxvVQR_zxfSgWbAqw?authuser=0&hl=en&rclk=1 | getPlacesData()
TimeoutError: Waiting for selector `[role="feed"]` failed: Waiting failed: 30000ms exceeded --- https://www.google.com/maps/search/99155,Nespelem,WA | openPuppeteer()
TimeoutError: Navigation timeout of 30000 ms exceeded --- https://www.google.com/maps/place/jason+sutton+painting/data=!4m7!3m6!1s0x2cbbe9e749143ec3:0xabe9a428c92a6591!8m2!3d47.7014004!4d-116.7920745!16s%2Fg%2F11t6_rhpg7!19sChIJwz4USefpuywRkWUqySik6as?authuser=0&hl=en&rclk=1 | getPlacesData()
ProtocolError: Runtime.callFunctionOn timed out. Increase the 'protocolTimeout' setting in launch/connect calls for a higher timeout if needed. --- https://www.google.com/maps/search/94592,Vallejo,CA | openPuppeteer()
TimeoutError: Waiting for selector `[role="feed"]` failed: Waiting failed: 30000ms exceeded --- https://www.google.com/maps/search/97869,Prairie City,OR | openPuppeteer()
ProtocolError: Runtime.callFunctionOn timed out. Increase the 'protocolTimeout' setting in launch/connect calls for a higher timeout if needed. --- https://www.google.com/maps/search/95452,Kenwood,CA | openPuppeteer()
ProtocolError: Runtime.callFunctionOn timed out. Increase the 'protocolTimeout' setting in launch/connect calls for a higher timeout if needed. --- https://www.google.com/maps/search/96142,Tahoma,CA | openPuppeteer()
ProtocolError: Runtime.callFunctionOn timed out. Increase the 'protocolTimeout' setting in launch/connect calls for a higher timeout if needed. --- https://www.google.com/maps/search/93218,Ducor,CA | openPuppeteer()
ProtocolError: Runtime.callFunctionOn timed out. Increase the 'protocolTimeout' setting in launch/connect calls for a higher timeout if needed. --- https://www.google.com/maps/search/93666,Sultana,CA | openPuppeteer()
TimeoutError: Waiting for selector `[role="feed"]` failed: Waiting failed: 30000ms exceeded --- https://www.google.com/maps/search/93928,Jolon,CA | openPuppeteer()
ProtocolError: Runtime.callFunctionOn timed out. Increase the 'protocolTimeout' setting in launch/connect calls for a higher timeout if needed. --- https://www.google.com/maps/search/95230,Farmington,CA | openPuppeteer()
TimeoutError: Waiting for selector `[role="feed"]` failed: Waiting failed: 30000ms exceeded --- https://www.google.com/maps/search/96069,Oak Run,CA | openPuppeteer()
ProtocolError: Runtime.callFunctionOn timed out. Increase the 'protocolTimeout' setting in launch/connect calls for a higher timeout if needed. --- https://www.google.com/maps/search/95652,Mcclellan,CA | openPuppeteer()
ProtocolError: Runtime.callFunctionOn timed out. Increase the 'protocolTimeout' setting in launch/connect calls for a higher timeout if needed. --- https://www.google.com/maps/search/97489,Walterville,OR | openPuppeteer()
TimeoutError: Waiting for selector `[role="feed"]` failed: Waiting failed: 30000ms exceeded --- https://www.google.com/maps/search/93450,San Ardo,CA | openPuppeteer()
ProtocolError: Runtime.callFunctionOn timed out. Increase the 'protocolTimeout' setting in launch/connect calls for a higher timeout if needed. --- https://www.google.com/maps/search/93673,Traver,CA | openPuppeteer()
TimeoutError: Waiting for selector `[role="feed"]` failed: Waiting failed: 30000ms exceeded --- https://www.google.com/maps/search/96038,Grenada,CA | openPuppeteer()
ProtocolError: Runtime.callFunctionOn timed out. Increase the 'protocolTimeout' setting in launch/connect calls for a higher timeout if needed. --- https://www.google.com/maps/search/92358,Lytle Creek,CA | openPuppeteer()
TimeoutError: Waiting for selector `[role="feed"]` failed: Waiting failed: 30000ms exceeded --- https://www.google.com/maps/search/93932,Lockwood,CA | openPuppeteer()
ProtocolError: Runtime.callFunctionOn timed out. Increase the 'protocolTimeout' setting in launch/connect calls for a higher timeout if needed. --- https://www.google.com/maps/search/92322,Cedarpines Park,CA | openPuppeteer()
ProtocolError: Runtime.callFunctionOn timed out. Increase the 'protocolTimeout' setting in launch/connect calls for a higher timeout if needed. --- https://www.google.com/maps/search/97410,Azalea,OR | openPuppeteer()
TimeoutError: Waiting for selector `[role="feed"]` failed: Waiting failed: 30000ms exceeded --- https://www.google.com/maps/search/98829,Malott,WA | openPuppeteer()
ProtocolError: Runtime.callFunctionOn timed out. Increase the 'protocolTimeout' setting in launch/connect calls for a higher timeout if needed. --- https://www.google.com/maps/search/95970,Princeton,CA | openPuppeteer()
TimeoutError: Waiting for selector `[role="feed"]` failed: Waiting failed: 30000ms exceeded --- https://www.google.com/maps/search/97065,Wasco,OR | openPuppeteer()
TimeoutError: Waiting for selector `[role="feed"]` failed: Waiting failed: 30000ms exceeded --- https://www.google.com/maps/search/97737,Gilchrist,OR | openPuppeteer()
TimeoutError: Waiting for selector `[role="feed"]` failed: Waiting failed: 30000ms exceeded --- https://www.google.com/maps/search/92309,Baker,CA | openPuppeteer()
TimeoutError: Waiting for selector `[role="feed"]` failed: Waiting failed: 30000ms exceeded --- https://www.google.com/maps/search/97039,Moro,OR | openPuppeteer()
ProtocolError: Runtime.callFunctionOn timed out. Increase the 'protocolTimeout' setting in launch/connect calls for a higher timeout if needed. --- https://www.google.com/maps/search/94021,Loma Mar,CA | openPuppeteer()
ProtocolError: Runtime.callFunctionOn timed out. Increase the 'protocolTimeout' setting in launch/connect calls for a higher timeout if needed. --- https://www.google.com/maps/search/95385,Vernalis,CA | openPuppeteer()
ProtocolError: Runtime.callFunctionOn timed out. Increase the 'protocolTimeout' setting in launch/connect calls for a higher timeout if needed. --- https://www.google.com/maps/search/97451,Lorane,OR | openPuppeteer()
TimeoutError: Waiting for selector `[role="feed"]` failed: Waiting failed: 30000ms exceeded --- https://www.google.com/maps/search/97625,Dairy,OR | openPuppeteer()
ProtocolError: Runtime.callFunctionOn timed out. Increase the 'protocolTimeout' setting in launch/connect calls for a higher timeout if needed. --- https://www.google.com/maps/search/93563,Valyermo,CA | openPuppeteer()
TimeoutError: Waiting for selector `[role="feed"]` failed: Waiting failed: 30000ms exceeded --- https://www.google.com/maps/search/95956,Meadow Valley,CA | openPuppeteer()
TimeoutError: Waiting for selector `[role="feed"]` failed: Waiting failed: 30000ms exceeded --- https://www.google.com/maps/search/96015,Canby,CA | openPuppeteer()
TimeoutError: Waiting for selector `[role="feed"]` failed: Waiting failed: 30000ms exceeded --- https://www.google.com/maps/search/98647,Skamokawa,WA | openPuppeteer()
ProtocolError: Runtime.callFunctionOn timed out. Increase the 'protocolTimeout' setting in launch/connect calls for a higher timeout if needed. --- https://www.google.com/maps/search/91759,Mt Baldy,CA | openPuppeteer()
TimeoutError: Waiting for selector `[role="feed"]` failed: Waiting failed: 30000ms exceeded --- https://www.google.com/maps/search/97873,Seneca,OR | openPuppeteer()
TimeoutError: Waiting for selector `[role="feed"]` failed: Waiting failed: 30000ms exceeded --- https://www.google.com/maps/search/97029,Grass Valley,OR | openPuppeteer()
ProtocolError: Runtime.callFunctionOn timed out. Increase the 'protocolTimeout' setting in launch/connect calls for a higher timeout if needed. --- https://www.google.com/maps/search/93207,California Hot Springs,CA | openPuppeteer()
TimeoutError: Waiting for selector `[role="feed"]` failed: Waiting failed: 30000ms exceeded --- https://www.google.com/maps/search/99322,Bickleton,WA | openPuppeteer()
TimeoutError: Waiting for selector `[role="feed"]` failed: Waiting failed: 30000ms exceeded --- https://www.google.com/maps/search/92378,Rimforest,CA | openPuppeteer()
ProtocolError: Runtime.callFunctionOn timed out. Increase the 'protocolTimeout' setting in launch/connect calls for a higher timeout if needed. --- https://www.google.com/maps/search/93260,Posey,CA | openPuppeteer()
TimeoutError: Waiting for selector `[role="feed"]` failed: Waiting failed: 30000ms exceeded --- https://www.google.com/maps/search/96112,Fort Bidwell,CA | openPuppeteer()
TimeoutError: Waiting for selector `[role="feed"]` failed: Waiting failed: 30000ms exceeded --- https://www.google.com/maps/search/97721,Princeton,OR | openPuppeteer()
TimeoutError: Navigation timeout of 30000 ms exceeded --- https://www.google.com/maps/place/Lawson+Construction/data=!4m7!3m6!1s0x8096bc9db0c282bd:0x2c7051dbfed6afa6!8m2!3d37.4614507!4d-119.8793225!16s%2Fg%2F1tjkg0_t!19sChIJvYLCsJ28loARpq_W_ttRcCw?authuser=0&hl=en&rclk=1 | getPlacesData()
TimeoutError: Waiting for selector `[role="feed"]` failed: Waiting failed: 30000ms exceeded --- https://www.google.com/maps/search/97350,Idanha,OR | openPuppeteer()
TimeoutError: Waiting for selector `[role="feed"]` failed: Waiting failed: 30000ms exceeded --- https://www.google.com/maps/search/98819,Conconully,WA | openPuppeteer()
TimeoutError: Waiting for selector `[role="feed"]` failed: Waiting failed: 30000ms exceeded --- https://www.google.com/maps/search/97635,New Pine Creek,OR | openPuppeteer()
TimeoutError: Waiting for selector `[role="feed"]` failed: Waiting failed: 30000ms exceeded --- https://www.google.com/maps/search/95601,Amador City,CA | openPuppeteer()
ProtocolError: Runtime.callFunctionOn timed out. Increase the 'protocolTimeout' setting in launch/connect calls for a higher timeout if needed. --- https://www.google.com/maps/search/93276,Tupman,CA | openPuppeteer()
ProtocolError: Runtime.callFunctionOn timed out. Increase the 'protocolTimeout' setting in launch/connect calls for a higher timeout if needed. --- https://www.google.com/maps/search/93621,Dunlap,CA | openPuppeteer()
ProtocolError: Runtime.callFunctionOn timed out. Increase the 'protocolTimeout' setting in launch/connect calls for a higher timeout if needed. --- https://www.google.com/maps/search/99329,Dixie,WA | openPuppeteer()
TimeoutError: Waiting for selector `[role="feed"]` failed: Waiting failed: 30000ms exceeded --- https://www.google.com/maps/search/97884,Unity,OR | openPuppeteer()
TimeoutError: Waiting for selector `[role="feed"]` failed: Waiting failed: 30000ms exceeded --- https://www.google.com/maps/search/97637,Plush,OR | openPuppeteer()
TimeoutError: Waiting for selector `[role="feed"]` failed: Waiting failed: 30000ms exceeded --- https://www.google.com/maps/search/93554,Randsburg,CA | openPuppeteer()
ProtocolError: Runtime.callFunctionOn timed out. Increase the 'protocolTimeout' setting in launch/connect calls for a higher timeout if needed. --- https://www.google.com/maps/search/93226,Glennville,CA | openPuppeteer()
TimeoutError: Waiting for selector `[role="feed"]` failed: Waiting failed: 30000ms exceeded --- https://www.google.com/maps/search/93528,Johannesburg,CA | openPuppeteer()
TimeoutError: Waiting for selector `[role="feed"]` failed: Waiting failed: 30000ms exceeded --- https://www.google.com/maps/search/93592,Trona,CA | openPuppeteer()
TimeoutError: Waiting for selector `[role="feed"]` failed: Waiting failed: 30000ms exceeded --- https://www.google.com/maps/search/97710,Fields,OR | openPuppeteer()
ProtocolError: Runtime.callFunctionOn timed out. Increase the 'protocolTimeout' setting in launch/connect calls for a higher timeout if needed. --- https://www.google.com/maps/search/93208,Camp Nelson,CA | openPuppeteer()
TimeoutError: Waiting for selector `#searchboxinput` failed: Waiting failed: 30000ms exceeded --- https://www.google.com/maps/search/96049,Redding,CA | openPuppeteer()
ProtocolError: Runtime.callFunctionOn timed out. Increase the 'protocolTimeout' setting in launch/connect calls for a higher timeout if needed. --- https://www.google.com/maps/search/95625,Elmira,CA | openPuppeteer()
ProtocolError: Runtime.callFunctionOn timed out. Increase the 'protocolTimeout' setting in launch/connect calls for a higher timeout if needed. --- https://www.google.com/maps/search/93287,Woody,CA | openPuppeteer()
TimeoutError: Waiting for selector `[role="feed"]` failed: Waiting failed: 30000ms exceeded --- https://www.google.com/maps/search/97817,Bates,OR | openPuppeteer()
ProtocolError: Runtime.callFunctionOn timed out. Increase the 'protocolTimeout' setting in launch/connect calls for a higher timeout if needed. --- https://www.google.com/maps/search/97908,Ironside,OR | openPuppeteer()
TimeoutError: Waiting for selector `[role="feed"]` failed: Waiting failed: 30000ms exceeded --- https://www.google.com/maps/search/93558,Red Mountain,CA | openPuppeteer()
TimeoutError: Waiting for selector `[role="feed"]` failed: Waiting failed: 30000ms exceeded --- https://www.google.com/maps/search/92384,Shoshone,CA | openPuppeteer()
ProtocolError: Runtime.callFunctionOn timed out. Increase the 'protocolTimeout' setting in launch/connect calls for a higher timeout if needed. --- https://www.google.com/maps/search/94850,Richmond,CA | openPuppeteer()
ProtocolError: Runtime.callFunctionOn timed out. Increase the 'protocolTimeout' setting in launch/connect calls for a higher timeout if needed. --- https://www.google.com/maps/search/92338,Ludlow,CA | openPuppeteer()
